fatal: Unable to create '/home/divyansh-rawat/DATA STRUCTURES AND ALGORITHM/codeforces/.git/index.lock': File exists.

Another git process seems to be running in this repository, e.g.
an editor opened by 'git commit'. Please make sure all processes
are terminated then try again. If it still fails, a git process
may have crashed in this repository earlier:
remove the file manually to continue.
[main e53847a] Auto-sync: 2025-05-15 13:59:02
 1 file changed, 0 insertions(+), 0 deletions(-)
 create mode 100644 nohup.out
[main 22eaba8] Auto-sync: 2025-05-15 14:00:50
 1 file changed, 10 insertions(+)
On branch main
Your branch is ahead of 'origin/main' by 2 commits.
  (use "git push" to publish your local commits)

nothing to commit, working tree clean
To https://github.com/DsThakurRawat/Codeforces-divyanshthakur594.git
   22eaba8..52b060e  main -> main
On branch main
Your branch is up to date with 'origin/main'.

nothing to commit, working tree clean
Everything up-to-date
On branch main
Your branch is ahead of 'origin/main' by 1 commit.
  (use "git push" to publish your local commits)

nothing to commit, working tree clean
To https://github.com/DsThakurRawat/Codeforces-divyanshthakur594.git
   648c164..5fc7ae1  main -> main
On branch main
Your branch is ahead of 'origin/main' by 1 commit.
  (use "git push" to publish your local commits)

nothing to commit, working tree clean
To https://github.com/DsThakurRawat/Codeforces-divyanshthakur594.git
   5fc7ae1..7c80030  main -> main
